<?xml version="1.0" encoding="UTF-8"?>
<!-- Generated by org.testng.reporters.JUnitReportReporter -->
<testsuite hostname="DESKTOP-EODLVLU" failures="0" tests="2" name="achievers.seleniumTest" time="0.012" errors="0" timestamp="2021-08-02T00:24:18 IST" skipped="0">
  <testcase classname="achievers.seleniumTest" name="seleniumPart1" time="0.011"/>
  <system-out/>
  <testcase classname="achievers.seleniumTest" name="seleniumPart2" time="0.001"/>
  <system-out/>
</testsuite> <!-- achievers.seleniumTest -->
