<?xml version="1.0" encoding="UTF-8"?>
<!-- Generated by org.testng.reporters.JUnitReportReporter -->
<testsuite hostname="DESKTOP-EODLVLU" failures="0" tests="2" name="achievers.appiumTest" time="0.003" errors="0" timestamp="2021-08-02T00:24:18 IST" skipped="0">
  <testcase classname="achievers.appiumTest" name="iosLogin" time="0.001"/>
  <system-out/>
  <testcase classname="achievers.appiumTest" name="androidLogin" time="0.002"/>
  <system-out/>
</testsuite> <!-- achievers.appiumTest -->
