<?xml version="1.0" encoding="UTF-8"?>
<!-- Generated by org.testng.reporters.JUnitReportReporter -->
<testsuite hostname="DESKTOP-EODLVLU" failures="0" tests="1" name="achievers.seleniumTest" time="0.008" errors="0" timestamp="2021-08-16T01:16:10 IST" skipped="0">
  <testcase classname="achievers.seleniumTest" name="seleniumPart4" time="0.008"/>
  <system-out/>
</testsuite> <!-- achievers.seleniumTest -->
