<?xml version="1.0" encoding="UTF-8"?>
<!-- Generated by org.testng.reporters.JUnitReportReporter -->
<testsuite skipped="0" hostname="DESKTOP-EODLVLU" name="achievers.seleniumTest" tests="2" failures="0" timestamp="2021-08-03T14:51:10 IST" time="0.004" errors="0">
  <testcase name="seleniumPart1" time="0.004" classname="achievers.seleniumTest"/>
  <system-out/>
  <testcase name="seleniumPart2" time="0.000" classname="achievers.seleniumTest"/>
  <system-out/>
</testsuite> <!-- achievers.seleniumTest -->
