<?xml version="1.0" encoding="UTF-8"?>
<!-- Generated by org.testng.reporters.JUnitReportReporter -->
<testsuite skipped="0" hostname="DESKTOP-EODLVLU" name="achievers.appiumTest" tests="2" failures="0" timestamp="2021-08-03T14:50:02 IST" time="0.000" errors="0">
  <testcase name="androidLogin" time="0.000" classname="achievers.appiumTest"/>
  <system-out/>
  <testcase name="iosLogin" time="0.000" classname="achievers.appiumTest"/>
  <system-out/>
</testsuite> <!-- achievers.appiumTest -->
