<?xml version="1.0" encoding="UTF-8"?>
<!-- Generated by org.testng.reporters.JUnitReportReporter -->
<testsuite skipped="0" hostname="DESKTOP-EODLVLU" name="achievers.fail" tests="1" failures="0" timestamp="2021-08-03T14:50:02 IST" time="0.000" errors="0">
  <testcase name="willNotRun" time="0.000" classname="achievers.fail"/>
  <system-out/>
</testsuite> <!-- achievers.fail -->
